debug Enabling plugins for supported SDK version '14.0.1' [cli-version: 20191106.121025.bda19848a2] [timestamp: 2019-11-30T17:54:15+01:00]
debug using local event logger [cli-version: 20191106.121025.bda19848a2] [timestamp: 2019-11-30T17:54:15+01:00]
debug starting wrapper services endpoint [cli-version: 20191106.121025.bda19848a2] [timestamp: 2019-11-30T17:54:15+01:00]
debug health-check message from wrapper service received [cli-version: 20191106.121025.bda19848a2] [timestamp: 2019-11-30T17:54:15+01:00]
debug wrapper service started successfully in 1.9982ms after 1 attempt(s) [cli-version: 20191106.121025.bda19848a2] [timestamp: 2019-11-30T17:54:15+01:00]
debug Importing the SDK plugin for project SDK version '14.0.1'. [cli-version: 20191106.121025.bda19848a2] [timestamp: 2019-11-30T17:54:15+01:00]
debug Retrieved the plugin commands from cache. [cli-version: 20191106.121025.bda19848a2] [timestamp: 2019-11-30T17:54:15+01:00]
debug Adding new command: 'build'. [cli-version: 20191106.121025.bda19848a2] [timestamp: 2019-11-30T17:54:15+01:00]
debug Adding new command: 'clean'. [cli-version: 20191106.121025.bda19848a2] [timestamp: 2019-11-30T17:54:15+01:00]
debug Adding new command: 'codegen'. [cli-version: 20191106.121025.bda19848a2] [timestamp: 2019-11-30T17:54:15+01:00]
debug Adding new command: 'diagnose'. [cli-version: 20191106.121025.bda19848a2] [timestamp: 2019-11-30T17:54:15+01:00]
debug Adding new command: 'exec'. [cli-version: 20191106.121025.bda19848a2] [timestamp: 2019-11-30T17:54:15+01:00]
debug Adding new command: 'file'. [cli-version: 20191106.121025.bda19848a2] [timestamp: 2019-11-30T17:54:15+01:00]
debug Not changing existing command as imported command does not have an implementation: 'local'. [cli-version: 20191106.121025.bda19848a2] [timestamp: 2019-11-30T17:54:15+01:00]
debug Not changing existing command as imported command does not have an implementation: 'worker'. [cli-version: 20191106.121025.bda19848a2] [timestamp: 2019-11-30T17:54:15+01:00]
debug Adding new command: 'launch'. [cli-version: 20191106.121025.bda19848a2] [timestamp: 2019-11-30T17:54:15+01:00]
debug Adding aliases to 'package' command: worker_package [cli-version: 20191106.121025.bda19848a2] [timestamp: 2019-11-30T17:54:15+01:00]
debug Adding new command: 'clean'. [cli-version: 20191106.121025.bda19848a2] [timestamp: 2019-11-30T17:54:15+01:00]
debug Adding new command: 'unpack'. [cli-version: 20191106.121025.bda19848a2] [timestamp: 2019-11-30T17:54:15+01:00]
debug Adding new command: 'unpack-to'. [cli-version: 20191106.121025.bda19848a2] [timestamp: 2019-11-30T17:54:15+01:00]
debug Adding new command: 'prepare-for-run'. [cli-version: 20191106.121025.bda19848a2] [timestamp: 2019-11-30T17:54:15+01:00]
debug Not changing existing command as imported command does not have an implementation: 'project'. [cli-version: 20191106.121025.bda19848a2] [timestamp: 2019-11-30T17:54:15+01:00]
debug Not changing existing command as imported command does not have an implementation: 'history'. [cli-version: 20191106.121025.bda19848a2] [timestamp: 2019-11-30T17:54:15+01:00]
debug Not changing existing command as imported command does not have an implementation: 'snapshot'. [cli-version: 20191106.121025.bda19848a2] [timestamp: 2019-11-30T17:54:15+01:00]
debug Adding new command: 'convert'. [cli-version: 20191106.121025.bda19848a2] [timestamp: 2019-11-30T17:54:15+01:00]
debug Adding new command: 'schema'. [cli-version: 20191106.121025.bda19848a2] [timestamp: 2019-11-30T17:54:15+01:00]
debug Adding new command: 'setup'. [cli-version: 20191106.121025.bda19848a2] [timestamp: 2019-11-30T17:54:15+01:00]
debug Adding new command: 'worker'. [cli-version: 20191106.121025.bda19848a2] [timestamp: 2019-11-30T17:54:15+01:00]
debug Executing command: C:\Users\Jorden\.improbable\spatial\spatial.exe build build-config [cli-version: 20191106.121025.bda19848a2] [timestamp: 2019-11-30T17:54:15+01:00]
warning A newer version of spatial is available. Run 'spatial update' to get the latest version.
For more information, see https://docs.improbable.io/reference/latest/shared/release-policy#spatial-cli-releases [cli-version: 20191106.121025.bda19848a2] [timestamp: 2019-11-30T17:54:15+01:00]
debug Executing command: [C:\Users\Jorden\AppData\Local\.improbable\bin\plugins\sdk\14.0.1\sdk.exe build build-config --wrapper_service_port 1443 --]. [cli-version: 20191106.121025.bda19848a2] [timestamp: 2019-11-30T17:54:15+01:00]
debug Found project root at C:\Users\Jorden\Documents\UnityProjects\TI-conf_19-20_groep-1\POC\SpatialOS Maze [cli-version: 20191106.121025.bda19848a2] [timestamp: 2019-11-30T17:54:18+01:00]
debug Running within a SpatialOS project, using the default input paths '[C:\Users\Jorden\Documents\UnityProjects\TI-conf_19-20_groep-1\POC\SpatialOS Maze\schema C:\Users\Jorden\Documents\UnityProjects\TI-conf_19-20_groep-1\POC\SpatialOS Maze\build\dependencies\schema\standard_library]' [cli-version: 20191106.121025.bda19848a2] [timestamp: 2019-11-30T17:54:18+01:00]
debug Executing '[C:\Users\Jorden\AppData\Local\.improbable\bin\plugins\sdk\14.0.1\sdk.exe build build-config --wrapper_service_port 1443 --]' in 'C:\Users\Jorden\Documents\UnityProjects\TI-conf_19-20_groep-1\POC\SpatialOS Maze' [cli-version: 20191106.121025.bda19848a2] [timestamp: 2019-11-30T17:54:18+01:00]
debug Building worker assemblies. [cli-version: 20191106.121025.bda19848a2] [timestamp: 2019-11-30T17:54:18+01:00]
info Generating bridge settings for UnityClient. [cli-version: 20191106.121025.bda19848a2] [timestamp: 2019-11-30T17:54:18+01:00]
debug Worker 'UnityClient' defined at 'C:\Users\Jorden\Documents\UnityProjects\TI-conf_19-20_groep-1\POC\SpatialOS Maze\workers\SpatialOS Maze\spatialos.UnityClient.worker.json' has no managed launch configuration defined. [cli-version: 20191106.121025.bda19848a2] [timestamp: 2019-11-30T17:54:18+01:00]
info Generating bridge settings for UnityGameLogic. [cli-version: 20191106.121025.bda19848a2] [timestamp: 2019-11-30T17:54:19+01:00]
info Generating managed worker configuration for UnityGameLogic. [cli-version: 20191106.121025.bda19848a2] [timestamp: 2019-11-30T17:54:19+01:00]
info 'spatial build build-config' succeeded [cli-version: 20191106.121025.bda19848a2][formatting_hints: category:SUCCESS duration:<nanos:57940700 > ] [timestamp: 2019-11-30T17:54:19+01:00]
debug wrapper services endpoint shut down gracefully [cli-version: 20191106.121025.bda19848a2] [timestamp: 2019-11-30T17:54:19+01:00]
